This is pdfTeX, Version 3.14159265-2.6-1.40.20 (TeX Live 2019/Arch Linux) (preloaded format=pdflatex 2019.9.22)  9 NOV 2019 20:42
entering extended mode
 restricted \write18 enabled.
 file:line:error style messages enabled.
 %&-line parsing enabled.
**/home/carneirofc/IA006/EFC3/263796.tex
(/home/carneirofc/IA006/EFC3/263796.tex
LaTeX2e <2018-12-01>
(/usr/share/texmf-dist/tex/latex/base/article.cls
Document Class: article 2018/09/03 v1.4i Standard LaTeX document class
(/usr/share/texmf-dist/tex/latex/base/size10.clo
File: size10.clo 2018/09/03 v1.4i Standard LaTeX file (size option)
)
\c@part=\count80
\c@section=\count81
\c@subsection=\count82
\c@subsubsection=\count83
\c@paragraph=\count84
\c@subparagraph=\count85
\c@figure=\count86
\c@table=\count87
\abovecaptionskip=\skip41
\belowcaptionskip=\skip42
\bibindent=\dimen102
) (/usr/share/texmf-dist/tex/generic/babel/babel.sty
Package: babel 2019/04/03 3.29 The Babel package
 (/usr/share/texmf-dist/tex/generic/babel/switch.def
File: switch.def 2019/04/03 3.29 Babel switching mechanism
) (/usr/share/texmf-dist/tex/generic/babel-portuges/portuges.ldf
Language: portuges 2008/03/18 v1.2q Portuguese support from the babel system
 (/usr/share/texmf-dist/tex/generic/babel/babel.def
File: babel.def 2019/04/03 3.29 Babel common definitions
\babel@savecnt=\count88
\U@D=\dimen103
 (/usr/share/texmf-dist/tex/generic/babel/txtbabel.def)
\bbl@dirlevel=\count89
)
Package babel Info: Making " an active character on input line 145.
)) (/usr/share/texmf-dist/tex/latex/base/inputenc.sty
Package: inputenc 2018/08/11 v1.3c Input encoding file
\inpenc@prehook=\toks14
\inpenc@posthook=\toks15
) (/usr/share/texmf-dist/tex/latex/amsmath/amsmath.sty
Package: amsmath 2018/12/01 v2.17b AMS math features
\@mathmargin=\skip43

For additional information on amsmath, use the `?' option.
(/usr/share/texmf-dist/tex/latex/amsmath/amstext.sty
Package: amstext 2000/06/29 v2.01 AMS text
 (/usr/share/texmf-dist/tex/latex/amsmath/amsgen.sty
File: amsgen.sty 1999/11/30 v2.0 generic functions
\@emptytoks=\toks16
\ex@=\dimen104
)) (/usr/share/texmf-dist/tex/latex/amsmath/amsbsy.sty
Package: amsbsy 1999/11/29 v1.2d Bold Symbols
\pmbraise@=\dimen105
) (/usr/share/texmf-dist/tex/latex/amsmath/amsopn.sty
Package: amsopn 2016/03/08 v2.02 operator names
)
\inf@bad=\count90
LaTeX Info: Redefining \frac on input line 223.
\uproot@=\count91
\leftroot@=\count92
LaTeX Info: Redefining \overline on input line 385.
\classnum@=\count93
\DOTSCASE@=\count94
LaTeX Info: Redefining \ldots on input line 482.
LaTeX Info: Redefining \dots on input line 485.
LaTeX Info: Redefining \cdots on input line 606.
\Mathstrutbox@=\box27
\strutbox@=\box28
\big@size=\dimen106
LaTeX Font Info:    Redeclaring font encoding OML on input line 729.
LaTeX Font Info:    Redeclaring font encoding OMS on input line 730.
\macc@depth=\count95
\c@MaxMatrixCols=\count96
\dotsspace@=\muskip10
\c@parentequation=\count97
\dspbrk@lvl=\count98
\tag@help=\toks17
\row@=\count99
\column@=\count100
\maxfields@=\count101
\andhelp@=\toks18
\eqnshift@=\dimen107
\alignsep@=\dimen108
\tagshift@=\dimen109
\tagwidth@=\dimen110
\totwidth@=\dimen111
\lineht@=\dimen112
\@envbody=\toks19
\multlinegap=\skip44
\multlinetaggap=\skip45
\mathdisplay@stack=\toks20
LaTeX Info: Redefining \[ on input line 2844.
LaTeX Info: Redefining \] on input line 2845.
) (/usr/share/texmf-dist/tex/latex/amsfonts/amssymb.sty
Package: amssymb 2013/01/14 v3.01 AMS font symbols
 (/usr/share/texmf-dist/tex/latex/amsfonts/amsfonts.sty
Package: amsfonts 2013/01/14 v3.01 Basic AMSFonts support
\symAMSa=\mathgroup4
\symAMSb=\mathgroup5
LaTeX Font Info:    Overwriting math alphabet `\mathfrak' in version `bold'
(Font)                  U/euf/m/n --> U/euf/b/n on input line 106.
)) (/usr/share/texmf-dist/tex/latex/graphics/graphicx.sty
Package: graphicx 2017/06/01 v1.1a Enhanced LaTeX Graphics (DPC,SPQR)
 (/usr/share/texmf-dist/tex/latex/graphics/keyval.sty
Package: keyval 2014/10/28 v1.15 key=value parser (DPC)
\KV@toks@=\toks21
) (/usr/share/texmf-dist/tex/latex/graphics/graphics.sty
Package: graphics 2017/06/25 v1.2c Standard LaTeX Graphics (DPC,SPQR)
 (/usr/share/texmf-dist/tex/latex/graphics/trig.sty
Package: trig 2016/01/03 v1.10 sin cos tan (DPC)
) (/usr/share/texmf-dist/tex/latex/graphics-cfg/graphics.cfg
File: graphics.cfg 2016/06/04 v1.11 sample graphics configuration
)
Package graphics Info: Driver file: pdftex.def on input line 99.
 (/usr/share/texmf-dist/tex/latex/graphics-def/pdftex.def
File: pdftex.def 2018/01/08 v1.0l Graphics/color driver for pdftex
))
\Gin@req@height=\dimen113
\Gin@req@width=\dimen114
) (/usr/share/texmf-dist/tex/latex/caption/caption.sty
Package: caption 2018/10/06 v3.3-154 Customizing captions (AR)
 (/usr/share/texmf-dist/tex/latex/caption/caption3.sty
Package: caption3 2018/09/12 v1.8c caption3 kernel (AR)
Package caption3 Info: TeX engine: e-TeX on input line 64.
\captionmargin=\dimen115
\captionmargin@=\dimen116
\captionwidth=\dimen117
\caption@tempdima=\dimen118
\caption@indent=\dimen119
\caption@parindent=\dimen120
\caption@hangindent=\dimen121
)
\c@caption@flags=\count102
\c@ContinuedFloat=\count103
) (/usr/share/texmf-dist/tex/latex/float/float.sty
Package: float 2001/11/08 v1.3d Float enhancements (AL)
\c@float@type=\count104
\float@exts=\toks22
\float@box=\box29
\@float@everytoks=\toks23
\@floatcapt=\box30
) (/usr/share/texmf-dist/tex/latex/caption/subcaption.sty
Package: subcaption 2018/05/01 v1.1-162 Sub-captions (AR)
\c@subfigure=\count105
\c@subtable=\count106
) (/usr/share/texmf-dist/tex/latex/oberdiek/pdflscape.sty
Package: pdflscape 2016/05/14 v0.11 Display of landscape pages in PDF (HO)
 (/usr/share/texmf-dist/tex/latex/graphics/lscape.sty
Package: lscape 2000/10/22 v3.01 Landscape Pages (DPC)
) (/usr/share/texmf-dist/tex/generic/oberdiek/ifpdf.sty
Package: ifpdf 2018/09/07 v3.3 Provides the ifpdf switch
)
Package pdflscape Info: Auto-detected driver: pdftex on input line 81.
 (/usr/share/texmf-dist/tex/generic/ifxetex/ifxetex.sty
Package: ifxetex 2010/09/12 v0.6 Provides ifxetex conditional
)) (/usr/share/texmf-dist/tex/latex/multirow/multirow.sty
Package: multirow 2019/01/01 v2.4 Span multiple rows of a table
\multirow@colwidth=\skip46
\multirow@cntb=\count107
\multirow@dima=\skip47
\bigstrutjot=\dimen122
) (/usr/share/texmf-dist/tex/latex/xcolor/xcolor.sty
Package: xcolor 2016/05/11 v2.12 LaTeX color extensions (UK)
 (/usr/share/texmf-dist/tex/latex/graphics-cfg/color.cfg
File: color.cfg 2016/01/02 v1.6 sample color configuration
)
Package xcolor Info: Driver file: pdftex.def on input line 225.
 (/usr/share/texmf-dist/tex/latex/colortbl/colortbl.sty
Package: colortbl 2018/12/12 v1.0d Color table columns (DPC)
 (/usr/share/texmf-dist/tex/latex/tools/array.sty
Package: array 2018/12/30 v2.4k Tabular extension package (FMi)
\col@sep=\dimen123
\ar@mcellbox=\box31
\extrarowheight=\dimen124
\NC@list=\toks24
\extratabsurround=\skip48
\backup@length=\skip49
\ar@cellbox=\box32
)
\everycr=\toks25
\minrowclearance=\skip50
)
\rownum=\count108
Package xcolor Info: Model `cmy' substituted by `cmy0' on input line 1348.
Package xcolor Info: Model `hsb' substituted by `rgb' on input line 1352.
Package xcolor Info: Model `RGB' extended on input line 1364.
Package xcolor Info: Model `HTML' substituted by `rgb' on input line 1366.
Package xcolor Info: Model `Hsb' substituted by `hsb' on input line 1367.
Package xcolor Info: Model `tHsb' substituted by `hsb' on input line 1368.
Package xcolor Info: Model `HSB' substituted by `hsb' on input line 1369.
Package xcolor Info: Model `Gray' substituted by `gray' on input line 1370.
Package xcolor Info: Model `wave' substituted by `hsb' on input line 1371.
) (/home/carneirofc/IA006/EFC3/263796.aux)
\openout1 = `263796.aux'.

LaTeX Font Info:    Checking defaults for OML/cmm/m/it on input line 16.
LaTeX Font Info:    ... okay on input line 16.
LaTeX Font Info:    Checking defaults for T1/cmr/m/n on input line 16.
LaTeX Font Info:    ... okay on input line 16.
LaTeX Font Info:    Checking defaults for OT1/cmr/m/n on input line 16.
LaTeX Font Info:    ... okay on input line 16.
LaTeX Font Info:    Checking defaults for OMS/cmsy/m/n on input line 16.
LaTeX Font Info:    ... okay on input line 16.
LaTeX Font Info:    Checking defaults for OMX/cmex/m/n on input line 16.
LaTeX Font Info:    ... okay on input line 16.
LaTeX Font Info:    Checking defaults for U/cmr/m/n on input line 16.
LaTeX Font Info:    ... okay on input line 16.
 (/usr/share/texmf-dist/tex/context/base/mkii/supp-pdf.mkii
[Loading MPS to PDF converter (version 2006.09.02).]
\scratchcounter=\count109
\scratchdimen=\dimen125
\scratchbox=\box33
\nofMPsegments=\count110
\nofMParguments=\count111
\everyMPshowfont=\toks26
\MPscratchCnt=\count112
\MPscratchDim=\dimen126
\MPnumerator=\count113
\makeMPintoPDFobject=\count114
\everyMPtoPDFconversion=\toks27
) (/usr/share/texmf-dist/tex/latex/oberdiek/epstopdf-base.sty
Package: epstopdf-base 2016/05/15 v2.6 Base part for package epstopdf
 (/usr/share/texmf-dist/tex/generic/oberdiek/infwarerr.sty
Package: infwarerr 2016/05/16 v1.4 Providing info/warning/error messages (HO)
) (/usr/share/texmf-dist/tex/latex/oberdiek/grfext.sty
Package: grfext 2016/05/16 v1.2 Manage graphics extensions (HO)
 (/usr/share/texmf-dist/tex/generic/oberdiek/kvdefinekeys.sty
Package: kvdefinekeys 2016/05/16 v1.4 Define keys (HO)
 (/usr/share/texmf-dist/tex/generic/oberdiek/ltxcmds.sty
Package: ltxcmds 2016/05/16 v1.23 LaTeX kernel commands for general use (HO)
))) (/usr/share/texmf-dist/tex/latex/oberdiek/kvoptions.sty
Package: kvoptions 2016/05/16 v3.12 Key value format for package options (HO)
 (/usr/share/texmf-dist/tex/generic/oberdiek/kvsetkeys.sty
Package: kvsetkeys 2016/05/16 v1.17 Key value parser (HO)
 (/usr/share/texmf-dist/tex/generic/oberdiek/etexcmds.sty
Package: etexcmds 2016/05/16 v1.6 Avoid name clashes with e-TeX commands (HO)
 (/usr/share/texmf-dist/tex/generic/oberdiek/ifluatex.sty
Package: ifluatex 2016/05/16 v1.4 Provides the ifluatex switch (HO)
Package ifluatex Info: LuaTeX not detected.
)))) (/usr/share/texmf-dist/tex/generic/oberdiek/pdftexcmds.sty
Package: pdftexcmds 2018/09/10 v0.29 Utility functions of pdfTeX for LuaTeX (HO)
Package pdftexcmds Info: LuaTeX not detected.
Package pdftexcmds Info: \pdf@primitive is available.
Package pdftexcmds Info: \pdf@ifprimitive is available.
Package pdftexcmds Info: \pdfdraftmode found.
)
Package epstopdf-base Info: Redefining graphics rule for `.eps' on input line 438.
Package grfext Info: Graphics extension search list:
(grfext)             [.pdf,.png,.jpg,.mps,.jpeg,.jbig2,.jb2,.PDF,.PNG,.JPG,.JPEG,.JBIG2,.JB2,.eps]
(grfext)             \AppendGraphicsExtensions on input line 456.
 (/usr/share/texmf-dist/tex/latex/latexconfig/epstopdf-sys.cfg
File: epstopdf-sys.cfg 2010/07/13 v1.3 Configuration of (r)epstopdf for TeX Live
))
Package caption Info: Begin \AtBeginDocument code.
Package caption Info: float package is loaded.
Package caption Info: End \AtBeginDocument code.
LaTeX Font Info:    Try loading font information for U+msa on input line 17.
 (/usr/share/texmf-dist/tex/latex/amsfonts/umsa.fd
File: umsa.fd 2013/01/14 v3.01 AMS symbols A
)
LaTeX Font Info:    Try loading font information for U+msb on input line 17.
 (/usr/share/texmf-dist/tex/latex/amsfonts/umsb.fd
File: umsb.fd 2013/01/14 v3.01 AMS symbols B
) [1

{/var/lib/texmf/fonts/map/pdftex/updmap/pdftex.map}]
Overfull \hbox (3.64294pt too wide) in paragraph at lines 21--21
[]\OT1/cmr/bx/n/14.4 Parte II { Clas-si-fica^^Xc~ao bin^^Saria com re-des MLP
 []


Underfull \hbox (badness 10000) in paragraph at lines 24--25
[]\OT1/cmr/m/n/10 https://github.com/carneirofc/IA006.git
 []


Underfull \hbox (badness 10000) in paragraph at lines 24--25

 []

<mlp_inp_scaled.png, id=8, 722.7pt x 361.35pt>
File: mlp_inp_scaled.png Graphic file (type png)
<use mlp_inp_scaled.png>
Package pdftex.def Info: mlp_inp_scaled.png  used on input line 40.
(pdftex.def)             Requested size: 345.0pt x 172.49767pt.
<mlp_out_scaled.png, id=10, 433.62pt x 289.08pt>
File: mlp_out_scaled.png Graphic file (type png)
<use mlp_out_scaled.png>
Package pdftex.def Info: mlp_out_scaled.png  used on input line 48.
(pdftex.def)             Requested size: 345.0pt x 230.01158pt.
[1 </home/carneirofc/IA006/EFC3/mlp_inp_scaled.png>]
<mlp_training.png, id=20, 722.7pt x 361.35pt>
File: mlp_training.png Graphic file (type png)
<use mlp_training.png>
Package pdftex.def Info: mlp_training.png  used on input line 75.
(pdftex.def)             Requested size: 345.0pt x 172.49767pt.
 [2 </home/carneirofc/IA006/EFC3/mlp_out_scaled.png>]
<mlp_roc.png, id=27, 722.7pt x 361.35pt>
File: mlp_roc.png Graphic file (type png)
<use mlp_roc.png>
Package pdftex.def Info: mlp_roc.png  used on input line 83.
(pdftex.def)             Requested size: 345.0pt x 172.49767pt.
<mpl_decision.png, id=28, 433.62pt x 289.08pt>
File: mpl_decision.png Graphic file (type png)
<use mpl_decision.png>
Package pdftex.def Info: mpl_decision.png  used on input line 93.
(pdftex.def)             Requested size: 345.0pt x 230.01158pt.
 [3 </home/carneirofc/IA006/EFC3/mlp_training.png> </home/carneirofc/IA006/EFC3/mlp_roc.png>]
<svm_decision.png, id=34, 433.62pt x 289.08pt>
File: svm_decision.png Graphic file (type png)
<use svm_decision.png>
Package pdftex.def Info: svm_decision.png  used on input line 121.
(pdftex.def)             Requested size: 345.0pt x 230.01158pt.
 [4 </home/carneirofc/IA006/EFC3/mpl_decision.png>]
<svm_decision_linear.png, id=40, 433.62pt x 289.08pt>
File: svm_decision_linear.png Graphic file (type png)
<use svm_decision_linear.png>
Package pdftex.def Info: svm_decision_linear.png  used on input line 151.
(pdftex.def)             Requested size: 345.0pt x 230.01158pt.
 [5 </home/carneirofc/IA006/EFC3/svm_decision.png>]
<svm_decision_poly.png, id=45, 433.62pt x 289.08pt>
File: svm_decision_poly.png Graphic file (type png)
<use svm_decision_poly.png>
Package pdftex.def Info: svm_decision_poly.png  used on input line 159.
(pdftex.def)             Requested size: 172.5pt x 114.99918pt.
<svm_decision_poly_9.png, id=46, 433.62pt x 289.08pt>
File: svm_decision_poly_9.png Graphic file (type png)
<use svm_decision_poly_9.png>
Package pdftex.def Info: svm_decision_poly_9.png  used on input line 164.
(pdftex.def)             Requested size: 172.5pt x 114.99918pt.

Overfull \hbox (2.22221pt too wide) in paragraph at lines 157--167
[]$[]$ $[]$ 
 []

<svm_decision_0.1.png, id=47, 433.62pt x 289.08pt>
File: svm_decision_0.1.png Graphic file (type png)
<use svm_decision_0.1.png>
Package pdftex.def Info: svm_decision_0.1.png  used on input line 178.
(pdftex.def)             Requested size: 103.50105pt x 68.99686pt.
<svm_decision_0.2.png, id=48, 433.62pt x 289.08pt>
File: svm_decision_0.2.png Graphic file (type png)
<use svm_decision_0.2.png>
Package pdftex.def Info: svm_decision_0.2.png  used on input line 182.
(pdftex.def)             Requested size: 103.50105pt x 68.99686pt.
<svm_decision_0.3.png, id=49, 433.62pt x 289.08pt>
File: svm_decision_0.3.png Graphic file (type png)
<use svm_decision_0.3.png>
Package pdftex.def Info: svm_decision_0.3.png  used on input line 186.
(pdftex.def)             Requested size: 103.50105pt x 68.99686pt.
<svm_decision_0.4.png, id=50, 433.62pt x 289.08pt>
File: svm_decision_0.4.png Graphic file (type png)
<use svm_decision_0.4.png>
Package pdftex.def Info: svm_decision_0.4.png  used on input line 190.
(pdftex.def)             Requested size: 103.50105pt x 68.99686pt.
<svm_decision_0.5.png, id=51, 433.62pt x 289.08pt>
File: svm_decision_0.5.png Graphic file (type png)
<use svm_decision_0.5.png>
Package pdftex.def Info: svm_decision_0.5.png  used on input line 194.
(pdftex.def)             Requested size: 103.50105pt x 68.99686pt.
<svm_decision_0.6.png, id=52, 433.62pt x 289.08pt>
File: svm_decision_0.6.png Graphic file (type png)
<use svm_decision_0.6.png>
Package pdftex.def Info: svm_decision_0.6.png  used on input line 198.
(pdftex.def)             Requested size: 103.50105pt x 68.99686pt.
File: svm_decision_0.6.png Graphic file (type png)
<use svm_decision_0.6.png>
Package pdftex.def Info: svm_decision_0.6.png  used on input line 202.
(pdftex.def)             Requested size: 103.50105pt x 68.99686pt.
<svm_decision_0.7.png, id=53, 433.62pt x 289.08pt>
File: svm_decision_0.7.png Graphic file (type png)
<use svm_decision_0.7.png>
Package pdftex.def Info: svm_decision_0.7.png  used on input line 206.
(pdftex.def)             Requested size: 103.50105pt x 68.99686pt.
<svm_decision_0.8.png, id=54, 433.62pt x 289.08pt>
File: svm_decision_0.8.png Graphic file (type png)
<use svm_decision_0.8.png>
Package pdftex.def Info: svm_decision_0.8.png  used on input line 210.
(pdftex.def)             Requested size: 103.50105pt x 68.99686pt.
<svm_decision_0.9.png, id=55, 433.62pt x 289.08pt>
File: svm_decision_0.9.png Graphic file (type png)
<use svm_decision_0.9.png>
Package pdftex.def Info: svm_decision_0.9.png  used on input line 214.
(pdftex.def)             Requested size: 103.50105pt x 68.99686pt.
<svm_decision_1.0.png, id=56, 433.62pt x 289.08pt>
File: svm_decision_1.0.png Graphic file (type png)
<use svm_decision_1.0.png>
Package pdftex.def Info: svm_decision_1.0.png  used on input line 218.
(pdftex.def)             Requested size: 103.50105pt x 68.99686pt.
<svm_decision_1.1.png, id=57, 433.62pt x 289.08pt>
File: svm_decision_1.1.png Graphic file (type png)
<use svm_decision_1.1.png>
Package pdftex.def Info: svm_decision_1.1.png  used on input line 222.
(pdftex.def)             Requested size: 103.50105pt x 68.99686pt.
<svm_decision_1.2.png, id=58, 433.62pt x 289.08pt>
File: svm_decision_1.2.png Graphic file (type png)
<use svm_decision_1.2.png>
Package pdftex.def Info: svm_decision_1.2.png  used on input line 226.
(pdftex.def)             Requested size: 103.50105pt x 68.99686pt.
<svm_decision_1.3.png, id=59, 433.62pt x 289.08pt>
File: svm_decision_1.3.png Graphic file (type png)
<use svm_decision_1.3.png>
Package pdftex.def Info: svm_decision_1.3.png  used on input line 230.
(pdftex.def)             Requested size: 103.50105pt x 68.99686pt.
<svm_decision_1.4.png, id=60, 433.62pt x 289.08pt>
File: svm_decision_1.4.png Graphic file (type png)
<use svm_decision_1.4.png>
Package pdftex.def Info: svm_decision_1.4.png  used on input line 234.
(pdftex.def)             Requested size: 103.50105pt x 68.99686pt.
<svm_decision_1.5.png, id=61, 433.62pt x 289.08pt>
File: svm_decision_1.5.png Graphic file (type png)
<use svm_decision_1.5.png>
Package pdftex.def Info: svm_decision_1.5.png  used on input line 238.
(pdftex.def)             Requested size: 103.50105pt x 68.99686pt.
<svm_decision_1.6.png, id=62, 433.62pt x 289.08pt>
File: svm_decision_1.6.png Graphic file (type png)
<use svm_decision_1.6.png>
Package pdftex.def Info: svm_decision_1.6.png  used on input line 242.
(pdftex.def)             Requested size: 103.50105pt x 68.99686pt.
<svm_decision_1.7.png, id=63, 433.62pt x 289.08pt>
File: svm_decision_1.7.png Graphic file (type png)
<use svm_decision_1.7.png>
Package pdftex.def Info: svm_decision_1.7.png  used on input line 246.
(pdftex.def)             Requested size: 103.50105pt x 68.99686pt.
<svm_decision_1.8.png, id=64, 433.62pt x 289.08pt>
File: svm_decision_1.8.png Graphic file (type png)
<use svm_decision_1.8.png>
Package pdftex.def Info: svm_decision_1.8.png  used on input line 250.
(pdftex.def)             Requested size: 103.50105pt x 68.99686pt.
<svm_decision_1.9.png, id=65, 433.62pt x 289.08pt>
File: svm_decision_1.9.png Graphic file (type png)
<use svm_decision_1.9.png>
Package pdftex.def Info: svm_decision_1.9.png  used on input line 254.
(pdftex.def)             Requested size: 103.50105pt x 68.99686pt.
<svm_decision_2.0.png, id=66, 433.62pt x 289.08pt>
File: svm_decision_2.0.png Graphic file (type png)
<use svm_decision_2.0.png>
Package pdftex.def Info: svm_decision_2.0.png  used on input line 258.
(pdftex.def)             Requested size: 103.50105pt x 68.99686pt.

Underfull \hbox (badness 10000) in paragraph at lines 176--260
[]$[]$ $[]$ $[]$
 []


Underfull \hbox (badness 10000) in paragraph at lines 176--260
[]$ $[]$ $[]$
 []


Underfull \hbox (badness 10000) in paragraph at lines 176--260
[]$ $[]$ $[]$
 []


Underfull \hbox (badness 10000) in paragraph at lines 176--260
[]$ $[]$ $[]$
 []


Underfull \hbox (badness 10000) in paragraph at lines 176--260
[]$ $[]$ $[]$
 []


Underfull \hbox (badness 10000) in paragraph at lines 176--260
[]$ $[]$ $[]$
 []

[6 </home/carneirofc/IA006/EFC3/svm_decision_linear.png> </home/carneirofc/IA006/EFC3/svm_decision_poly.png> </home/carneirofc/IA006/EFC3/svm_decision_poly_9.png>] [7 </home/carneirofc/IA006/EFC3/svm_decision_0.1.png> </home/carneirofc/IA006/EFC3/svm_decision_0.2.png> </home/carneirofc/IA006/EFC3/svm_decision_0.3.png> </home/carneirofc/IA006/EFC3/svm_decision_0.4.png> </home/carneirofc/IA006/EFC3/svm_decision_0.5.png> </home/carneirofc/IA006/EFC3/svm_decision_0.6.png> </home/carneirofc/IA006/EFC3/svm_decision_0.7.png> </home/carneirofc/IA006/EFC3/svm_decision_0.8.png> </home/carneirofc/IA006/EFC3/svm_decision_0.9.png> </home/carneirofc/IA006/EFC3/svm_decision_1.0.png> </home/carneirofc/IA006/EFC3/svm_decision_1.1.png> </home/carneirofc/IA006/EFC3/svm_decision_1.2.png> </home/carneirofc/IA006/EFC3/svm_decision_1.3.png> </home/carneirofc/IA006/EFC3/svm_decision_1.4.png> </home/carneirofc/IA006/EFC3/svm_decision_1.5.png> </home/carneirofc/IA006/EFC3/svm_decision_1.6.png> </home/carneirofc/IA006/EFC3/svm_decision_1.7.png> </home/carneirofc/IA006/EFC3/svm_decision_1.8.png> </home/carneirofc/IA006/EFC3/svm_decision_1.9.png> </home/carneirofc/IA006/EFC3/svm_decision_2.0.png>] (/home/carneirofc/IA006/EFC3/263796.aux) ) 
Here is how much of TeX's memory you used:
 4958 strings out of 492623
 71300 string characters out of 6135669
 151974 words of memory out of 5000000
 8752 multiletter control sequences out of 15000+600000
 12148 words of font info for 47 fonts, out of 8000000 for 9000
 1141 hyphenation exceptions out of 8191
 41i,10n,39p,301b,465s stack positions out of 5000i,500n,10000p,200000b,80000s
</usr/share/texmf-dist/fonts/type1/public/amsfonts/cm/cmbx10.pfb></usr/share/texmf-dist/fonts/type1/public/amsfonts/cm/cmbx12.pfb></usr/share/texmf-dist/fonts/type1/public/amsfonts/cm/cmmi10.pfb></usr/share/texmf-dist/fonts/type1/public/amsfonts/cm/cmmi7.pfb></usr/share/texmf-dist/fonts/type1/public/amsfonts/cm/cmr10.pfb></usr/share/texmf-dist/fonts/type1/public/amsfonts/cm/cmr12.pfb></usr/share/texmf-dist/fonts/type1/public/amsfonts/cm/cmr17.pfb></usr/share/texmf-dist/fonts/type1/public/amsfonts/cm/cmr9.pfb></usr/share/texmf-dist/fonts/type1/public/amsfonts/cm/cmsy10.pfb></usr/share/texmf-dist/fonts/type1/public/amsfonts/cm/cmsy7.pfb></usr/share/texmf-dist/fonts/type1/public/amsfonts/cm/cmti10.pfb>
Output written on /home/carneirofc/IA006/EFC3/263796.pdf (8 pages, 1848502 bytes).
PDF statistics:
 134 PDF objects out of 1000 (max. 8388607)
 54 compressed objects within 1 object stream
 0 named destinations out of 1000 (max. 500000)
 146 words of extra memory for PDF output out of 10000 (max. 10000000)

